c:\users\user\source\repos\consoleapplication62\consoleapplication62\debug\consoleapplication62.pch
c:\users\user\source\repos\consoleapplication62\consoleapplication62\debug\vc141.pdb
c:\users\user\source\repos\consoleapplication62\consoleapplication62\debug\vc141.idb
c:\users\user\source\repos\consoleapplication62\consoleapplication62\debug\stdafx.obj
c:\users\user\source\repos\consoleapplication62\consoleapplication62\debug\myblock.obj
c:\users\user\source\repos\consoleapplication62\consoleapplication62\debug\main.obj
c:\users\user\source\repos\consoleapplication62\consoleapplication62\debug\init.obj
c:\users\user\source\repos\consoleapplication62\consoleapplication62\debug\gotoxy.obj
c:\users\user\source\repos\consoleapplication62\consoleapplication62\debug\getkey.obj
c:\users\user\source\repos\consoleapplication62\consoleapplication62\debug\display.obj
c:\users\user\source\repos\consoleapplication62\consoleapplication62\debug\getmove.obj
c:\users\user\source\repos\consoleapplication62\consoleapplication62\debug\checkmove.obj
c:\users\user\source\repos\consoleapplication62\consoleapplication62\debug\moveblock.obj
c:\users\user\source\repos\consoleapplication62\consoleapplication62\debug\copyblock.obj
c:\users\user\source\repos\consoleapplication62\consoleapplication62\debug\newblock.obj
c:\users\user\source\repos\consoleapplication62\consoleapplication62\debug\delayfunction.obj
c:\users\user\source\repos\consoleapplication62\consoleapplication62\debug\removelines.obj
c:\users\user\source\repos\consoleapplication62\consoleapplication62\debug\removeline.obj
c:\users\user\source\repos\consoleapplication62\consoleapplication62\debug\finishcheck.obj
c:\users\user\source\repos\consoleapplication62\debug\consoleapplication62.exe
c:\users\user\source\repos\consoleapplication62\debug\consoleapplication62.ilk
c:\users\user\source\repos\consoleapplication62\consoleapplication62\debug\consoleapplication62.exe.intermediate.manifest
c:\users\user\source\repos\consoleapplication62\debug\consoleapplication62.pdb
c:\users\user\source\repos\consoleapplication62\debug\consoleapplication62.exe.manifest
c:\users\user\source\repos\consoleapplication62\consoleapplication62\debug\init.obj.enc
c:\users\user\source\repos\consoleapplication62\consoleapplication62\debug\consolea.e581d466.tlog\cl.command.1.tlog
c:\users\user\source\repos\consoleapplication62\consoleapplication62\debug\consolea.e581d466.tlog\cl.read.1.tlog
c:\users\user\source\repos\consoleapplication62\consoleapplication62\debug\consolea.e581d466.tlog\cl.write.1.tlog
c:\users\user\source\repos\consoleapplication62\consoleapplication62\debug\consolea.e581d466.tlog\link.command.1.tlog
c:\users\user\source\repos\consoleapplication62\consoleapplication62\debug\consolea.e581d466.tlog\link.read.1.tlog
c:\users\user\source\repos\consoleapplication62\consoleapplication62\debug\consolea.e581d466.tlog\link.write.1.tlog
c:\users\user\source\repos\consoleapplication62\consoleapplication62\debug\consolea.e581d466.tlog\mt.command.1.tlog
c:\users\user\source\repos\consoleapplication62\consoleapplication62\debug\consolea.e581d466.tlog\mt.read.1.tlog
c:\users\user\source\repos\consoleapplication62\consoleapplication62\debug\consolea.e581d466.tlog\mt.write.1.tlog
